<?xml version="1.0" encoding="UTF-8"?>
<!-- Generated by org.testng.reporters.JUnitReportReporter -->
<testsuite hostname="Hp-15s-FR2006TU" failures="0" tests="1" name="com.web.orangehrm.Practice" time="43.847" errors="0" timestamp="2023-04-11T21:23:04 IST" skipped="0">
  <testcase classname="com.web.orangehrm.Practice" name="actualTest" time="43.847"/>
  <system-out/>
</testsuite> <!-- com.web.orangehrm.Practice -->
