<?xml version="1.0" encoding="UTF-8"?>
<!-- Generated by org.testng.reporters.JUnitReportReporter -->
<testsuite hostname="Hp-15s-FR2006TU" failures="0" tests="5" name="com.web.orangehrm.loginPage" time="26.880" errors="0" timestamp="2023-04-19T18:23:54 IST" skipped="0">
  <testcase classname="com.web.orangehrm.loginPage" name="initElements" time="11.224"/>
  <system-out/>
  <testcase classname="com.web.orangehrm.loginPage" name="loginTest" time="3.256"/>
  <system-out/>
  <testcase classname="com.web.orangehrm.loginPage" name="loginTest" time="5.186"/>
  <system-out/>
  <testcase classname="com.web.orangehrm.loginPage" name="loginTest" time="3.259"/>
  <system-out/>
  <testcase classname="com.web.orangehrm.loginPage" name="loginTest" time="3.955"/>
  <system-out/>
</testsuite> <!-- com.web.orangehrm.loginPage -->
