<?xml version="1.0" encoding="UTF-8"?>
<!-- Generated by org.testng.reporters.JUnitReportReporter -->
<testsuite hostname="Hp-15s-FR2006TU" failures="0" tests="1" name="com.web.orangehrm.homePage" time="90.919" errors="0" timestamp="2023-04-12T17:42:00 IST" skipped="0">
  <testcase classname="com.web.orangehrm.homePage" name="profilecheck" time="90.919"/>
  <system-out/>
</testsuite> <!-- com.web.orangehrm.homePage -->
