<?xml version="1.0" encoding="UTF-8"?>
<!-- Generated by org.testng.reporters.JUnitReportReporter -->
<testsuite hostname="Hp-15s-FR2006TU" failures="0" tests="5" name="test.orangeweb.loginPage" time="42.787" errors="0" timestamp="2023-06-22T20:48:11 IST" skipped="0">
  <testcase classname="test.orangeweb.loginPage" name="initElements" time="23.938"/>
  <system-out/>
  <testcase classname="test.orangeweb.loginPage" name="loginTest" time="3.358"/>
  <system-out/>
  <testcase classname="test.orangeweb.loginPage" name="loginTest" time="3.366"/>
  <system-out/>
  <testcase classname="test.orangeweb.loginPage" name="loginTest" time="8.593"/>
  <system-out/>
  <testcase classname="test.orangeweb.loginPage" name="loginTest" time="3.532"/>
  <system-out/>
</testsuite> <!-- test.orangeweb.loginPage -->
