<?xml version="1.0" encoding="UTF-8"?>
<!-- Generated by org.testng.reporters.JUnitReportReporter -->
<testsuite hostname="Hp-15s-FR2006TU" failures="0" tests="2" name="com.web.orangehrm.editProfileInfoValidation" time="20.332" errors="0" timestamp="2023-04-14T17:50:48 IST" skipped="0">
  <testcase classname="com.web.orangehrm.editProfileInfoValidation" name="toTarget" time="14.941"/>
  <system-out/>
  <testcase classname="com.web.orangehrm.editProfileInfoValidation" name="actualTest" time="5.391"/>
  <system-out/>
</testsuite> <!-- com.web.orangehrm.editProfileInfoValidation -->
