<?xml version="1.0" encoding="UTF-8"?>
<!-- Generated by org.testng.reporters.JUnitReportReporter -->
<testsuite hostname="Hp-15s-FR2006TU" failures="0" tests="2" name="com.web.orangehrm.PersonalDetailsEdit" time="29.858" errors="0" timestamp="2023-04-19T16:54:46 IST" skipped="0">
  <testcase classname="com.web.orangehrm.PersonalDetailsEdit" name="toTarget" time="17.259"/>
  <system-out/>
  <testcase classname="com.web.orangehrm.PersonalDetailsEdit" name="actualTest" time="12.599"/>
  <system-out/>
</testsuite> <!-- com.web.orangehrm.PersonalDetailsEdit -->
