<?xml version="1.0" encoding="UTF-8"?>
<!-- Generated by org.testng.reporters.JUnitReportReporter -->
<testsuite hostname="Hp-15s-FR2006TU" failures="0" tests="1" name="test.orangeweb.homePage" time="43.533" errors="0" timestamp="2023-06-22T22:18:09 IST" skipped="0">
  <testcase classname="test.orangeweb.homePage" name="profilecheck" time="43.533"/>
  <system-out/>
</testsuite> <!-- test.orangeweb.homePage -->
