<?xml version="1.0" encoding="UTF-8"?>
<!-- Generated by org.testng.reporters.JUnitReportReporter -->
<testsuite hostname="Hp-15s-FR2006TU" failures="0" tests="3" name="com.web.orangehrm.ProfilePhotoValidation" time="22.809" errors="0" timestamp="2023-04-18T18:55:45 IST" skipped="0">
  <testcase classname="com.web.orangehrm.ProfilePhotoValidation" name="toTarget" time="13.245"/>
  <system-out/>
  <testcase classname="com.web.orangehrm.ProfilePhotoValidation" name="validFileType" time="5.499"/>
  <system-out/>
  <testcase classname="com.web.orangehrm.ProfilePhotoValidation" name="InvalidFileType" time="4.065"/>
  <system-out/>
</testsuite> <!-- com.web.orangehrm.ProfilePhotoValidation -->
