<?xml version="1.0" encoding="UTF-8"?>
<!-- Generated by org.testng.reporters.JUnitReportReporter -->
<testsuite hostname="Hp-15s-FR2006TU" failures="0" tests="5" name="test.orangeweb.loginPage" time="56.621" errors="0" timestamp="2023-06-22T22:18:09 IST" skipped="0">
  <testcase classname="test.orangeweb.loginPage" name="initElements" time="40.336"/>
  <system-out/>
  <testcase classname="test.orangeweb.loginPage" name="loginTest" time="5.933"/>
  <system-out/>
  <testcase classname="test.orangeweb.loginPage" name="loginTest" time="3.447"/>
  <system-out/>
  <testcase classname="test.orangeweb.loginPage" name="loginTest" time="3.451"/>
  <system-out/>
  <testcase classname="test.orangeweb.loginPage" name="loginTest" time="3.454"/>
  <system-out/>
</testsuite> <!-- test.orangeweb.loginPage -->
